<?xml version="1.0" encoding="UTF-8"?>
<!-- Generated by org.testng.reporters.JUnitReportReporter -->
<testsuite skipped="0" hostname="Main" name="com.testing.Login" tests="1" failures="0" timestamp="25 Mar 2018 04:38:37 GMT" time="10.853" errors="0">
  <testcase name="HomePage" time="10.853" classname="com.testing.Login"/>
</testsuite> <!-- com.testing.Login -->
